{"timestamp":"2026-04-17T16:25:08.810Z","cycle":0,"agent":"Jef","event_type":"TASK_ADMITTED","target":"TASK-001","payload":{"task_id":"TASK-001","title":"Create project directory structure","type":"setup","priority_hint":0.2,"complexity":0.3,"dependencies":[]}}
{"timestamp":"2026-04-17T16:25:08.826Z","cycle":0,"agent":"Jef","event_type":"TASK_ADMITTED","target":"TASK-002","payload":{"task_id":"TASK-002","title":"Create index.html file","type":"feature","priority_hint":0.1,"complexity":0.1,"dependencies":["TASK-001"]}}
{"timestamp":"2026-04-17T16:25:08.842Z","cycle":0,"agent":"Jef","event_type":"TASK_ADMITTED","target":"TASK-003","payload":{"task_id":"TASK-003","title":"Add to-do list HTML structure","type":"feature","priority_hint":0.1,"complexity":0.2,"dependencies":["TASK-002"]}}
{"timestamp":"2026-04-17T16:25:08.856Z","cycle":0,"agent":"Jef","event_type":"TASK_ADMITTED","target":"TASK-004","payload":{"task_id":"TASK-004","title":"Add water.css stylesheet link","type":"feature","priority_hint":0.1,"complexity":0.2,"dependencies":["TASK-003"]}}
{"timestamp":"2026-04-17T16:25:08.870Z","cycle":0,"agent":"Jef","event_type":"TASK_ADMITTED","target":"TASK-005","payload":{"task_id":"TASK-005","title":"Create to-do list CSS file","type":"feature","priority_hint":0.1,"complexity":0.2,"dependencies":[]}}
{"timestamp":"2026-04-17T16:25:08.891Z","cycle":0,"agent":"Jef","event_type":"TASK_ADMITTED","target":"TASK-006","payload":{"task_id":"TASK-006","title":"Add basic styles to CSS file","type":"feature","priority_hint":0.1,"complexity":0.2,"dependencies":["TASK-005"]}}
{"timestamp":"2026-04-17T16:25:08.910Z","cycle":0,"agent":"Jef","event_type":"TASK_ADMITTED","target":"TASK-007","payload":{"task_id":"TASK-007","title":"Link CSS file in index.html","type":"feature","priority_hint":0.1,"complexity":0.2,"dependencies":["TASK-004","TASK-006"]}}
{"timestamp":"2026-04-17T16:25:08.930Z","cycle":0,"agent":"Jef","event_type":"TASK_ADMITTED","target":"TASK-008","payload":{"task_id":"TASK-008","title":"Create to-do list JavaScript file","type":"feature","priority_hint":0.1,"complexity":0.2,"dependencies":[]}}
{"timestamp":"2026-04-17T16:25:08.957Z","cycle":0,"agent":"Jef","event_type":"TASK_ADMITTED","target":"TASK-009","payload":{"task_id":"TASK-009","title":"Add basic to-do list functionality in JavaScript","type":"feature","priority_hint":0.1,"complexity":0.3,"dependencies":["TASK-008"]}}
{"timestamp":"2026-04-17T16:25:08.982Z","cycle":0,"agent":"Jef","event_type":"TASK_ADMITTED","target":"TASK-010","payload":{"task_id":"TASK-010","title":"Link JavaScript file in index.html","type":"feature","priority_hint":0.1,"complexity":0.2,"dependencies":["TASK-007","TASK-009"]}}
{"timestamp":"2026-04-17T16:25:09.027Z","cycle":0,"agent":"Derick","event_type":"CYCLE_START","target":"system","payload":{"cycle":0}}
{"timestamp":"2026-04-17T16:25:09.076Z","cycle":1,"agent":"Derick","event_type":"CYCLE_END","target":"system","payload":{"admitted":[],"dispatched":null,"next_cycle":1}}
{"timestamp":"2026-04-17T16:25:09.100Z","cycle":1,"agent":"Derick","event_type":"CYCLE_START","target":"system","payload":{"cycle":1}}
{"timestamp":"2026-04-17T16:25:09.124Z","cycle":2,"agent":"Derick","event_type":"CYCLE_END","target":"system","payload":{"admitted":[],"dispatched":null,"next_cycle":2}}
{"timestamp":"2026-04-17T16:25:09.146Z","cycle":2,"agent":"Derick","event_type":"CYCLE_START","target":"system","payload":{"cycle":2}}
{"timestamp":"2026-04-17T16:25:09.169Z","cycle":3,"agent":"Derick","event_type":"CYCLE_END","target":"system","payload":{"admitted":[],"dispatched":null,"next_cycle":3}}
{"timestamp":"2026-04-17T16:25:09.189Z","cycle":3,"agent":"Derick","event_type":"CYCLE_START","target":"system","payload":{"cycle":3}}
{"timestamp":"2026-04-17T16:25:09.235Z","cycle":4,"agent":"Derick","event_type":"CYCLE_END","target":"system","payload":{"admitted":[],"dispatched":null,"next_cycle":4}}
{"timestamp":"2026-04-17T16:25:09.260Z","cycle":4,"agent":"Derick","event_type":"CYCLE_START","target":"system","payload":{"cycle":4}}
{"timestamp":"2026-04-17T16:25:09.282Z","cycle":5,"agent":"Derick","event_type":"CYCLE_END","target":"system","payload":{"admitted":[],"dispatched":null,"next_cycle":5}}
{"timestamp":"2026-04-17T16:25:09.304Z","cycle":5,"agent":"Derick","event_type":"CYCLE_START","target":"system","payload":{"cycle":5}}
{"timestamp":"2026-04-17T16:25:09.329Z","cycle":6,"agent":"Derick","event_type":"CYCLE_END","target":"system","payload":{"admitted":[],"dispatched":null,"next_cycle":6}}
{"timestamp":"2026-04-17T16:25:09.351Z","cycle":6,"agent":"Derick","event_type":"CYCLE_START","target":"system","payload":{"cycle":6}}
{"timestamp":"2026-04-17T16:25:09.373Z","cycle":7,"agent":"Derick","event_type":"CYCLE_END","target":"system","payload":{"admitted":[],"dispatched":null,"next_cycle":7}}
{"timestamp":"2026-04-17T16:25:09.395Z","cycle":7,"agent":"Derick","event_type":"CYCLE_START","target":"system","payload":{"cycle":7}}
{"timestamp":"2026-04-17T16:25:09.417Z","cycle":8,"agent":"Derick","event_type":"CYCLE_END","target":"system","payload":{"admitted":[],"dispatched":null,"next_cycle":8}}
{"timestamp":"2026-04-17T16:25:09.442Z","cycle":8,"agent":"Derick","event_type":"CYCLE_START","target":"system","payload":{"cycle":8}}
{"timestamp":"2026-04-17T16:25:09.472Z","cycle":9,"agent":"Derick","event_type":"CYCLE_END","target":"system","payload":{"admitted":[],"dispatched":null,"next_cycle":9}}
{"timestamp":"2026-04-17T16:25:09.498Z","cycle":9,"agent":"Derick","event_type":"CYCLE_START","target":"system","payload":{"cycle":9}}
{"timestamp":"2026-04-17T16:25:09.523Z","cycle":10,"agent":"Derick","event_type":"CYCLE_END","target":"system","payload":{"admitted":[],"dispatched":null,"next_cycle":10}}
{"timestamp":"2026-04-17T16:25:09.547Z","cycle":10,"agent":"Derick","event_type":"CYCLE_START","target":"system","payload":{"cycle":10}}
{"timestamp":"2026-04-17T16:25:09.569Z","cycle":11,"agent":"Derick","event_type":"CYCLE_END","target":"system","payload":{"admitted":[],"dispatched":null,"next_cycle":11}}
{"timestamp":"2026-04-17T16:25:09.591Z","cycle":11,"agent":"Derick","event_type":"CYCLE_START","target":"system","payload":{"cycle":11}}
{"timestamp":"2026-04-17T16:25:09.615Z","cycle":12,"agent":"Derick","event_type":"CYCLE_END","target":"system","payload":{"admitted":[],"dispatched":null,"next_cycle":12}}
{"timestamp":"2026-04-17T16:25:09.637Z","cycle":12,"agent":"Derick","event_type":"CYCLE_START","target":"system","payload":{"cycle":12}}
{"timestamp":"2026-04-17T16:25:09.659Z","cycle":13,"agent":"Derick","event_type":"CYCLE_END","target":"system","payload":{"admitted":[],"dispatched":null,"next_cycle":13}}
{"timestamp":"2026-04-17T16:25:09.709Z","cycle":13,"agent":"Derick","event_type":"CYCLE_START","target":"system","payload":{"cycle":13}}
{"timestamp":"2026-04-17T16:25:09.734Z","cycle":14,"agent":"Derick","event_type":"CYCLE_END","target":"system","payload":{"admitted":[],"dispatched":null,"next_cycle":14}}
{"timestamp":"2026-04-17T16:25:09.758Z","cycle":14,"agent":"Derick","event_type":"CYCLE_START","target":"system","payload":{"cycle":14}}
{"timestamp":"2026-04-17T16:25:09.780Z","cycle":15,"agent":"Derick","event_type":"CYCLE_END","target":"system","payload":{"admitted":[],"dispatched":null,"next_cycle":15}}
{"timestamp":"2026-04-17T16:25:09.802Z","cycle":15,"agent":"Derick","event_type":"CYCLE_START","target":"system","payload":{"cycle":15}}
{"timestamp":"2026-04-17T16:25:09.826Z","cycle":16,"agent":"Derick","event_type":"CYCLE_END","target":"system","payload":{"admitted":[],"dispatched":null,"next_cycle":16}}
{"timestamp":"2026-04-17T16:25:09.848Z","cycle":16,"agent":"Derick","event_type":"CYCLE_START","target":"system","payload":{"cycle":16}}
{"timestamp":"2026-04-17T16:25:09.871Z","cycle":17,"agent":"Derick","event_type":"CYCLE_END","target":"system","payload":{"admitted":[],"dispatched":null,"next_cycle":17}}
{"timestamp":"2026-04-17T16:25:09.893Z","cycle":17,"agent":"Derick","event_type":"CYCLE_START","target":"system","payload":{"cycle":17}}
{"timestamp":"2026-04-17T16:25:09.919Z","cycle":18,"agent":"Derick","event_type":"CYCLE_END","target":"system","payload":{"admitted":[],"dispatched":null,"next_cycle":18}}
{"timestamp":"2026-04-17T16:25:09.940Z","cycle":18,"agent":"Derick","event_type":"CYCLE_START","target":"system","payload":{"cycle":18}}
{"timestamp":"2026-04-17T16:25:09.963Z","cycle":19,"agent":"Derick","event_type":"CYCLE_END","target":"system","payload":{"admitted":[],"dispatched":null,"next_cycle":19}}
{"timestamp":"2026-04-17T16:25:09.988Z","cycle":19,"agent":"Derick","event_type":"CYCLE_START","target":"system","payload":{"cycle":19}}
{"timestamp":"2026-04-17T16:25:10.010Z","cycle":20,"agent":"Derick","event_type":"CYCLE_END","target":"system","payload":{"admitted":[],"dispatched":null,"next_cycle":20}}
{"timestamp":"2026-04-17T16:25:10.031Z","cycle":20,"agent":"Derick","event_type":"CYCLE_START","target":"system","payload":{"cycle":20}}
{"timestamp":"2026-04-17T16:25:10.055Z","cycle":21,"agent":"Derick","event_type":"CYCLE_END","target":"system","payload":{"admitted":[],"dispatched":null,"next_cycle":21}}
{"timestamp":"2026-04-17T16:25:10.086Z","cycle":21,"agent":"Derick","event_type":"CYCLE_START","target":"system","payload":{"cycle":21}}
{"timestamp":"2026-04-17T16:25:10.117Z","cycle":22,"agent":"Derick","event_type":"CYCLE_END","target":"system","payload":{"admitted":[],"dispatched":null,"next_cycle":22}}
{"timestamp":"2026-04-17T16:25:10.140Z","cycle":22,"agent":"Derick","event_type":"CYCLE_START","target":"system","payload":{"cycle":22}}
{"timestamp":"2026-04-17T16:25:10.185Z","cycle":23,"agent":"Derick","event_type":"CYCLE_END","target":"system","payload":{"admitted":[],"dispatched":null,"next_cycle":23}}
{"timestamp":"2026-04-17T16:25:10.237Z","cycle":23,"agent":"Derick","event_type":"CYCLE_START","target":"system","payload":{"cycle":23}}
{"timestamp":"2026-04-17T16:25:10.262Z","cycle":24,"agent":"Derick","event_type":"CYCLE_END","target":"system","payload":{"admitted":[],"dispatched":null,"next_cycle":24}}
{"timestamp":"2026-04-17T16:25:10.287Z","cycle":24,"agent":"Derick","event_type":"CYCLE_START","target":"system","payload":{"cycle":24}}
{"timestamp":"2026-04-17T16:25:10.320Z","cycle":25,"agent":"Derick","event_type":"CYCLE_END","target":"system","payload":{"admitted":[],"dispatched":null,"next_cycle":25}}
{"timestamp":"2026-04-17T16:25:10.342Z","cycle":25,"agent":"Derick","event_type":"CYCLE_START","target":"system","payload":{"cycle":25}}
{"timestamp":"2026-04-17T16:25:10.364Z","cycle":26,"agent":"Derick","event_type":"CYCLE_END","target":"system","payload":{"admitted":[],"dispatched":null,"next_cycle":26}}
{"timestamp":"2026-04-17T16:25:10.386Z","cycle":26,"agent":"Derick","event_type":"CYCLE_START","target":"system","payload":{"cycle":26}}
{"timestamp":"2026-04-17T16:25:10.407Z","cycle":27,"agent":"Derick","event_type":"CYCLE_END","target":"system","payload":{"admitted":[],"dispatched":null,"next_cycle":27}}
{"timestamp":"2026-04-17T16:25:10.428Z","cycle":27,"agent":"Derick","event_type":"CYCLE_START","target":"system","payload":{"cycle":27}}
{"timestamp":"2026-04-17T16:25:10.457Z","cycle":28,"agent":"Derick","event_type":"CYCLE_END","target":"system","payload":{"admitted":[],"dispatched":null,"next_cycle":28}}
{"timestamp":"2026-04-17T16:25:10.485Z","cycle":28,"agent":"Derick","event_type":"CYCLE_START","target":"system","payload":{"cycle":28}}
{"timestamp":"2026-04-17T16:25:10.511Z","cycle":29,"agent":"Derick","event_type":"CYCLE_END","target":"system","payload":{"admitted":[],"dispatched":null,"next_cycle":29}}
{"timestamp":"2026-04-17T16:25:10.539Z","cycle":29,"agent":"Derick","event_type":"CYCLE_START","target":"system","payload":{"cycle":29}}
{"timestamp":"2026-04-17T16:25:10.575Z","cycle":30,"agent":"Derick","event_type":"CYCLE_END","target":"system","payload":{"admitted":[],"dispatched":null,"next_cycle":30}}
{"timestamp":"2026-04-17T16:25:10.605Z","cycle":30,"agent":"Derick","event_type":"CYCLE_START","target":"system","payload":{"cycle":30}}
{"timestamp":"2026-04-17T16:25:10.636Z","cycle":31,"agent":"Derick","event_type":"CYCLE_END","target":"system","payload":{"admitted":[],"dispatched":null,"next_cycle":31}}
{"timestamp":"2026-04-17T16:25:10.670Z","cycle":31,"agent":"Derick","event_type":"CYCLE_START","target":"system","payload":{"cycle":31}}
{"timestamp":"2026-04-17T16:25:10.699Z","cycle":32,"agent":"Derick","event_type":"CYCLE_END","target":"system","payload":{"admitted":[],"dispatched":null,"next_cycle":32}}
{"timestamp":"2026-04-17T16:25:10.735Z","cycle":32,"agent":"Derick","event_type":"CYCLE_START","target":"system","payload":{"cycle":32}}
{"timestamp":"2026-04-17T16:25:10.759Z","cycle":33,"agent":"Derick","event_type":"CYCLE_END","target":"system","payload":{"admitted":[],"dispatched":null,"next_cycle":33}}
{"timestamp":"2026-04-17T16:25:10.781Z","cycle":33,"agent":"Derick","event_type":"CYCLE_START","target":"system","payload":{"cycle":33}}
{"timestamp":"2026-04-17T16:25:10.810Z","cycle":34,"agent":"Derick","event_type":"CYCLE_END","target":"system","payload":{"admitted":[],"dispatched":null,"next_cycle":34}}
{"timestamp":"2026-04-17T16:25:10.831Z","cycle":34,"agent":"Derick","event_type":"CYCLE_START","target":"system","payload":{"cycle":34}}
{"timestamp":"2026-04-17T16:25:10.855Z","cycle":35,"agent":"Derick","event_type":"CYCLE_END","target":"system","payload":{"admitted":[],"dispatched":null,"next_cycle":35}}
{"timestamp":"2026-04-17T16:25:10.906Z","cycle":35,"agent":"Derick","event_type":"CYCLE_START","target":"system","payload":{"cycle":35}}
{"timestamp":"2026-04-17T16:25:10.930Z","cycle":36,"agent":"Derick","event_type":"CYCLE_END","target":"system","payload":{"admitted":[],"dispatched":null,"next_cycle":36}}
{"timestamp":"2026-04-17T16:25:10.953Z","cycle":36,"agent":"Derick","event_type":"CYCLE_START","target":"system","payload":{"cycle":36}}
{"timestamp":"2026-04-17T16:25:10.977Z","cycle":37,"agent":"Derick","event_type":"CYCLE_END","target":"system","payload":{"admitted":[],"dispatched":null,"next_cycle":37}}
{"timestamp":"2026-04-17T16:25:11.000Z","cycle":37,"agent":"Derick","event_type":"CYCLE_START","target":"system","payload":{"cycle":37}}
{"timestamp":"2026-04-17T16:25:11.023Z","cycle":38,"agent":"Derick","event_type":"CYCLE_END","target":"system","payload":{"admitted":[],"dispatched":null,"next_cycle":38}}
{"timestamp":"2026-04-17T16:25:11.045Z","cycle":38,"agent":"Derick","event_type":"CYCLE_START","target":"system","payload":{"cycle":38}}
{"timestamp":"2026-04-17T16:25:11.068Z","cycle":39,"agent":"Derick","event_type":"CYCLE_END","target":"system","payload":{"admitted":[],"dispatched":null,"next_cycle":39}}
{"timestamp":"2026-04-17T16:25:11.093Z","cycle":39,"agent":"Derick","event_type":"CYCLE_START","target":"system","payload":{"cycle":39}}
{"timestamp":"2026-04-17T16:25:11.117Z","cycle":40,"agent":"Derick","event_type":"CYCLE_END","target":"system","payload":{"admitted":[],"dispatched":null,"next_cycle":40}}
{"timestamp":"2026-04-17T16:25:11.164Z","cycle":40,"agent":"Derick","event_type":"CYCLE_START","target":"system","payload":{"cycle":40}}
{"timestamp":"2026-04-17T16:25:11.186Z","cycle":41,"agent":"Derick","event_type":"CYCLE_END","target":"system","payload":{"admitted":[],"dispatched":null,"next_cycle":41}}
{"timestamp":"2026-04-17T16:25:11.207Z","cycle":41,"agent":"Derick","event_type":"CYCLE_START","target":"system","payload":{"cycle":41}}
{"timestamp":"2026-04-17T16:25:11.229Z","cycle":42,"agent":"Derick","event_type":"CYCLE_END","target":"system","payload":{"admitted":[],"dispatched":null,"next_cycle":42}}
{"timestamp":"2026-04-17T16:25:11.252Z","cycle":42,"agent":"Derick","event_type":"CYCLE_START","target":"system","payload":{"cycle":42}}
{"timestamp":"2026-04-17T16:25:11.272Z","cycle":43,"agent":"Derick","event_type":"CYCLE_END","target":"system","payload":{"admitted":[],"dispatched":null,"next_cycle":43}}
{"timestamp":"2026-04-17T16:25:11.295Z","cycle":43,"agent":"Derick","event_type":"CYCLE_START","target":"system","payload":{"cycle":43}}
{"timestamp":"2026-04-17T16:25:11.317Z","cycle":44,"agent":"Derick","event_type":"CYCLE_END","target":"system","payload":{"admitted":[],"dispatched":null,"next_cycle":44}}
{"timestamp":"2026-04-17T16:25:11.339Z","cycle":44,"agent":"Derick","event_type":"CYCLE_START","target":"system","payload":{"cycle":44}}
{"timestamp":"2026-04-17T16:25:11.362Z","cycle":45,"agent":"Derick","event_type":"CYCLE_END","target":"system","payload":{"admitted":[],"dispatched":null,"next_cycle":45}}
{"timestamp":"2026-04-17T16:25:11.382Z","cycle":45,"agent":"Derick","event_type":"CYCLE_START","target":"system","payload":{"cycle":45}}
{"timestamp":"2026-04-17T16:25:11.406Z","cycle":46,"agent":"Derick","event_type":"CYCLE_END","target":"system","payload":{"admitted":[],"dispatched":null,"next_cycle":46}}
{"timestamp":"2026-04-17T16:25:11.427Z","cycle":46,"agent":"Derick","event_type":"CYCLE_START","target":"system","payload":{"cycle":46}}
{"timestamp":"2026-04-17T16:25:11.448Z","cycle":47,"agent":"Derick","event_type":"CYCLE_END","target":"system","payload":{"admitted":[],"dispatched":null,"next_cycle":47}}
{"timestamp":"2026-04-17T16:25:11.493Z","cycle":47,"agent":"Derick","event_type":"CYCLE_START","target":"system","payload":{"cycle":47}}
{"timestamp":"2026-04-17T16:25:11.515Z","cycle":48,"agent":"Derick","event_type":"CYCLE_END","target":"system","payload":{"admitted":[],"dispatched":null,"next_cycle":48}}
{"timestamp":"2026-04-17T16:25:11.535Z","cycle":48,"agent":"Derick","event_type":"CYCLE_START","target":"system","payload":{"cycle":48}}
{"timestamp":"2026-04-17T16:25:11.559Z","cycle":49,"agent":"Derick","event_type":"CYCLE_END","target":"system","payload":{"admitted":[],"dispatched":null,"next_cycle":49}}
{"timestamp":"2026-04-17T16:25:11.579Z","cycle":49,"agent":"Derick","event_type":"CYCLE_START","target":"system","payload":{"cycle":49}}
{"timestamp":"2026-04-17T16:25:11.601Z","cycle":50,"agent":"Derick","event_type":"CYCLE_END","target":"system","payload":{"admitted":[],"dispatched":null,"next_cycle":50}}
